This file contains any messages produced by compilers while
running configure, to aid debugging if configure makes a mistake.

It was created by blog configure 2.2, which was
generated by GNU Autoconf 2.57.  Invocation command line was

  $ ./configure 

## --------- ##
## Platform. ##
## --------- ##

hostname = trent-laptop
uname -m = x86_64
uname -r = 2.6.35-22-generic
uname -s = Linux
uname -v = #33-Ubuntu SMP Sun Sep 19 20:32:27 UTC 2010

/usr/bin/uname -p = unknown
/bin/uname -X     = unknown

/bin/arch              = unknown
/usr/bin/arch -k       = unknown
/usr/convex/getsysinfo = unknown
hostinfo               = unknown
/bin/machine           = unknown
/usr/bin/oslevel       = unknown
/bin/universe          = unknown

PATH: /usr/local/sbin
PATH: /usr/local/bin
PATH: /usr/sbin
PATH: /usr/bin
PATH: /sbin
PATH: /bin
PATH: /usr/games


## ----------- ##
## Core tests. ##
## ----------- ##

configure:1242: checking for a BSD-compatible install
configure:1296: result: /usr/bin/install -c
configure:1307: checking whether build environment is sane
configure:1350: result: yes
configure:1383: checking for gawk
configure:1412: result: no
configure:1383: checking for mawk
configure:1399: found /usr/bin/mawk
configure:1409: result: mawk
configure:1419: checking whether make sets $(MAKE)
configure:1439: result: yes
configure:1596: checking for bash
configure:1622: result: /bin/bash
configure:1637: checking for perl
configure:1653: found /usr/bin/perl
configure:1663: result: /usr/bin/perl
configure:1678: checking for rsync
configure:1694: found /usr/bin/rsync
configure:1704: result: /usr/bin/rsync
configure:1718: checking for ispell
configure:1747: result: no
configure:1753: WARNING: ispell not found. No spellchecking will be done
configure:1758: checking for tidy
configure:1787: result: no
configure:1793: WARNING: HTML Tidy not found. I won't validate HTML
configure:1923: creating ./config.status

## ---------------------- ##
## Running config.status. ##
## ---------------------- ##

This file was extended by blog config.status 2.2, which was
generated by GNU Autoconf 2.57.  Invocation command line was

  CONFIG_FILES    = 
  CONFIG_HEADERS  = 
  CONFIG_LINKS    = 
  CONFIG_COMMANDS = 
  $ ./config.status 

on trent-laptop

config.status:618: creating Makefile

## ---------------- ##
## Cache variables. ##
## ---------------- ##

ac_cv_env_build_alias_set=
ac_cv_env_build_alias_value=
ac_cv_env_host_alias_set=
ac_cv_env_host_alias_value=
ac_cv_env_target_alias_set=
ac_cv_env_target_alias_value=
ac_cv_path_install='/usr/bin/install -c'
ac_cv_prog_AWK=mawk
ac_cv_prog_BASH=/bin/bash
ac_cv_prog_PERL=/usr/bin/perl
ac_cv_prog_RSYNC=/usr/bin/rsync
ac_cv_prog_make_make_set=yes

## ----------------- ##
## Output variables. ##
## ----------------- ##

ACLOCAL='${SHELL} /home/trent/Downloads/blog-2.2/missing --run aclocal-1.7'
AMTAR='${SHELL} /home/trent/Downloads/blog-2.2/missing --run tar'
AUTOCONF='${SHELL} /home/trent/Downloads/blog-2.2/missing --run autoconf'
AUTOHEADER='${SHELL} /home/trent/Downloads/blog-2.2/missing --run autoheader'
AUTOMAKE='${SHELL} /home/trent/Downloads/blog-2.2/missing --run automake-1.7'
AWK='mawk'
BASH='/bin/bash'
CYGPATH_W='echo'
DEFS='-DPACKAGE_NAME=\"blog\" -DPACKAGE_TARNAME=\"blog\" -DPACKAGE_VERSION=\"2.2\" -DPACKAGE_STRING=\"blog\ 2.2\" -DPACKAGE_BUGREPORT=\"rsdio@metastatic.org\" -DPACKAGE=\"blog\" -DVERSION=\"2.2\" '
ECHO_C=''
ECHO_N='-n'
ECHO_T=''
INSTALL_DATA='${INSTALL} -m 644'
INSTALL_PROGRAM='${INSTALL}'
INSTALL_SCRIPT='${INSTALL}'
INSTALL_STRIP_PROGRAM='${SHELL} $(install_sh) -c -s'
ISPELL=''
LIBOBJS=''
LIBS=''
LTLIBOBJS=''
MAKEINFO='${SHELL} /home/trent/Downloads/blog-2.2/missing --run makeinfo'
PACKAGE='blog'
PACKAGE_BUGREPORT='rsdio@metastatic.org'
PACKAGE_NAME='blog'
PACKAGE_STRING='blog 2.2'
PACKAGE_TARNAME='blog'
PACKAGE_VERSION='2.2'
PATH_SEPARATOR=':'
PERL='/usr/bin/perl'
RSYNC='/usr/bin/rsync'
SET_MAKE=''
SHELL='/bin/bash'
STRIP=''
TIDY=''
VERSION='2.2'
ac_ct_STRIP=''
bindir='${exec_prefix}/bin'
build_alias=''
datadir='${prefix}/share'
exec_prefix='${prefix}'
host_alias=''
includedir='${prefix}/include'
infodir='${prefix}/info'
install_sh='/home/trent/Downloads/blog-2.2/install-sh'
libdir='${exec_prefix}/lib'
libexecdir='${exec_prefix}/libexec'
localstatedir='${prefix}/var'
mandir='${prefix}/man'
oldincludedir='/usr/include'
prefix='/usr/local'
program_transform_name='s,x,x,'
sbindir='${exec_prefix}/sbin'
sharedstatedir='${prefix}/com'
sysconfdir='${prefix}/etc'
target_alias=''

## ----------- ##
## confdefs.h. ##
## ----------- ##

#define PACKAGE "blog"
#define PACKAGE_BUGREPORT "rsdio@metastatic.org"
#define PACKAGE_NAME "blog"
#define PACKAGE_STRING "blog 2.2"
#define PACKAGE_TARNAME "blog"
#define PACKAGE_VERSION "2.2"
#define VERSION "2.2"

configure: exit 0

## ---------------------- ##
## Running config.status. ##
## ---------------------- ##

This file was extended by blog config.status 2.2, which was
generated by GNU Autoconf 2.57.  Invocation command line was

  CONFIG_FILES    = blog
  CONFIG_HEADERS  = 
  CONFIG_LINKS    = 
  CONFIG_COMMANDS = 
  $ ./config.status 

on trent-laptop

config.status:618: creating blog

## ---------------------- ##
## Running config.status. ##
## ---------------------- ##

This file was extended by blog config.status 2.2, which was
generated by GNU Autoconf 2.57.  Invocation command line was

  CONFIG_FILES    = Makefile
  CONFIG_HEADERS  = 
  CONFIG_LINKS    = 
  CONFIG_COMMANDS = 
  $ ./config.status 

on trent-laptop

config.status:618: creating Makefile

## ---------------------- ##
## Running config.status. ##
## ---------------------- ##

This file was extended by blog config.status 2.2, which was
generated by GNU Autoconf 2.57.  Invocation command line was

  CONFIG_FILES    = Makefile
  CONFIG_HEADERS  = 
  CONFIG_LINKS    = 
  CONFIG_COMMANDS = 
  $ ./config.status 

on trent-laptop

config.status:618: creating Makefile
